<?xml version="1.0" encoding="UTF-8"?>
<testng-results skipped="0" failed="0" total="1" passed="1">
  <reporter-output>
  </reporter-output>
  <suite name="Suite" duration-ms="12184" started-at="2017-05-21T07:48:15Z" finished-at="2017-05-21T07:48:27Z">
    <groups>
    </groups>
    <test name="Test" duration-ms="12184" started-at="2017-05-21T07:48:15Z" finished-at="2017-05-21T07:48:27Z">
      <class name="githubTest.GitHubTest">
        <test-method status="PASS" signature="googleTest()[pri:0, instance:githubTest.GitHubTest@7f63425a]" name="googleTest" duration-ms="12159" started-at="2017-05-21T13:18:15Z" finished-at="2017-05-21T13:18:27Z">
          <reporter-output>
          </reporter-output>
        </test-method> <!-- googleTest -->
      </class> <!-- githubTest.GitHubTest -->
    </test> <!-- Test -->
  </suite> <!-- Suite -->
</testng-results>
