<?xml version="1.0" encoding="UTF-8"?>
<testng-results skipped="0" failed="0" total="1" passed="1">
  <reporter-output>
  </reporter-output>
  <suite name="Suite" duration-ms="34785" started-at="2017-05-21T07:46:13Z" finished-at="2017-05-21T07:46:48Z">
    <groups>
    </groups>
    <test name="Test" duration-ms="34785" started-at="2017-05-21T07:46:13Z" finished-at="2017-05-21T07:46:48Z">
      <class name="githubTest.GitHubTest">
        <test-method status="PASS" signature="googleTest()[pri:0, instance:githubTest.GitHubTest@5ba23b66]" name="googleTest" duration-ms="34764" started-at="2017-05-21T13:16:13Z" finished-at="2017-05-21T13:16:48Z">
          <reporter-output>
          </reporter-output>
        </test-method> <!-- googleTest -->
      </class> <!-- githubTest.GitHubTest -->
    </test> <!-- Test -->
  </suite> <!-- Suite -->
</testng-results>
